21:25:41.412 [main] INFO  api.tests.userTests - ********* Creating User *********
21:25:46.656 [main] INFO  api.tests.userTests - ********* User Is Created *********
21:25:46.676 [main] INFO  api.tests.userTests - ********* Reading User Info *********
21:25:49.352 [main] INFO  api.tests.userTests - ********* Updating User *********
21:25:52.317 [main] INFO  api.tests.userTests - ********* User Is Updated *********
21:25:54.922 [main] INFO  api.tests.userTests - ********* Deleting User *********
21:25:57.443 [main] INFO  api.tests.userTests - ********* User Is Deleted *********
21:29:25.477 [main] INFO  api.tests.userTests - ********* Creating User *********
21:29:30.321 [main] INFO  api.tests.userTests - ********* User Is Created *********
21:29:30.336 [main] INFO  api.tests.userTests - ********* Reading User Info *********
21:29:32.291 [main] INFO  api.tests.userTests - ********* User Info Is Displayed *********
21:29:32.299 [main] INFO  api.tests.userTests - ********* Updating User *********
21:29:34.107 [main] INFO  api.tests.userTests - ********* User Is Updated *********
21:29:35.943 [main] INFO  api.tests.userTests - ********* Deleting User *********
21:29:37.668 [main] INFO  api.tests.userTests - ********* User Is Deleted *********
22:50:18.796 [main] INFO  api.tests.userTests2 - ********* Creating User *********
22:50:22.566 [main] INFO  api.tests.userTests2 - ********* User Is Created *********
22:50:22.581 [main] INFO  api.tests.userTests2 - ********* Reading User Info *********
22:50:24.221 [main] INFO  api.tests.userTests2 - ********* Updating User *********
22:50:25.824 [main] INFO  api.tests.userTests2 - ********* User Is Updated *********
22:50:27.449 [main] INFO  api.tests.userTests2 - ********* Deleting User *********
22:52:27.227 [main] INFO  api.tests.userTests2 - ********* Creating User *********
22:52:31.029 [main] INFO  api.tests.userTests2 - ********* User Is Created *********
22:52:31.044 [main] INFO  api.tests.userTests2 - ********* Reading User Info *********
22:52:32.698 [main] INFO  api.tests.userTests2 - ********* User Info Is Displayed *********
22:52:32.704 [main] INFO  api.tests.userTests2 - ********* Updating User *********
22:52:34.361 [main] INFO  api.tests.userTests2 - ********* User Is Updated *********
22:52:35.921 [main] INFO  api.tests.userTests2 - ********* Deleting User *********
22:52:37.466 [main] INFO  api.tests.userTests2 - ********* User Is Deleted *********
22:57:29.409 [main] INFO  api.tests.userTests2 - ********* Creating User *********
22:57:33.387 [main] INFO  api.tests.userTests2 - ********* User Is Created *********
22:57:33.405 [main] INFO  api.tests.userTests2 - ********* Reading User Info *********
22:57:35.066 [main] INFO  api.tests.userTests2 - ********* User Info Is Displayed *********
22:57:35.069 [main] INFO  api.tests.userTests2 - ********* Updating User *********
22:57:36.709 [main] INFO  api.tests.userTests2 - ********* User Is Updated *********
22:57:38.255 [main] INFO  api.tests.userTests2 - ********* Deleting User *********
22:57:39.825 [main] INFO  api.tests.userTests2 - ********* User Is Deleted *********
23:12:57.598 [main] INFO  api.tests.userTests2 - ********* Creating User *********
23:13:01.484 [main] INFO  api.tests.userTests2 - ********* User Is Created *********
23:13:01.497 [main] INFO  api.tests.userTests2 - ********* Reading User Info *********
23:13:03.439 [main] INFO  api.tests.userTests2 - ********* Updating User *********
23:13:05.214 [main] INFO  api.tests.userTests2 - ********* User Is Updated *********
23:13:06.951 [main] INFO  api.tests.userTests2 - ********* Deleting User *********
23:13:08.648 [main] INFO  api.tests.userTests2 - ********* User Is Deleted *********
23:15:04.127 [main] INFO  api.tests.userTests2 - ********* Creating User *********
23:15:08.130 [main] INFO  api.tests.userTests2 - ********* User Is Created *********
23:15:08.142 [main] INFO  api.tests.userTests2 - ********* Reading User Info *********
23:15:09.842 [main] INFO  api.tests.userTests2 - ********* Updating User *********
23:15:11.787 [main] INFO  api.tests.userTests2 - ********* User Is Updated *********
23:15:13.670 [main] INFO  api.tests.userTests2 - ********* Deleting User *********
23:15:15.588 [main] INFO  api.tests.userTests2 - ********* User Is Deleted *********
23:20:07.439 [main] INFO  api.tests.userTests2 - ********* Creating User *********
23:20:11.293 [main] INFO  api.tests.userTests2 - ********* User Is Created *********
23:20:11.308 [main] INFO  api.tests.userTests2 - ********* Reading User Info *********
23:20:13.626 [main] INFO  api.tests.userTests2 - ********* User Info Is Displayed *********
23:20:13.630 [main] INFO  api.tests.userTests2 - ********* Updating User *********
23:20:15.349 [main] INFO  api.tests.userTests2 - ********* User Is Updated *********
23:20:16.924 [main] INFO  api.tests.userTests2 - ********* Deleting User *********
23:20:18.909 [main] INFO  api.tests.userTests2 - ********* User Is Deleted *********
